[2026-04-12 14:24:09,460][__main__][INFO] - Global Seed set to 0
[2026-04-12 14:24:09,461][__main__][INFO] - Path where all results are stored: /data/shengzhenli/DiffusionDrive/diffusiondrive_score_exp
[2026-04-12 14:24:09,461][__main__][INFO] - Building Agent
[2026-04-12 14:24:10,907][timm.models._builder][INFO] - Loading pretrained weights from Hugging Face hub (timm/resnet34.a1_in1k)
[2026-04-12 14:24:11,463][timm.models._hub][INFO] - [timm/resnet34.a1_in1k] Safe alternative available for 'pytorch_model.bin' (as 'model.safetensors'). Loading weights using safetensors.
[2026-04-12 14:24:11,488][timm.models._builder][INFO] - Missing keys (fc.weight, fc.bias) discovered while loading pretrained weights. This is expected if model is being adapted.
[2026-04-12 14:24:13,850][navsim.planning.utils.multithreading.worker_ray_no_torch][INFO] - Disabled nuplan ray progress bars via NAVSIM_DISABLE_RAY_PROGRESS_BAR=1
[2026-04-12 14:24:13,850][navsim.planning.utils.multithreading.worker_ray_no_torch][INFO] - Not using GPU in ray
[2026-04-12 14:24:13,851][navsim.planning.utils.multithreading.worker_ray_no_torch][INFO] - Starting ray local!
[2026-04-12 14:24:20,393][nuplan.planning.utils.multithreading.worker_pool][INFO] - Worker: RayDistributedNoTorch
[2026-04-12 14:24:20,393][nuplan.planning.utils.multithreading.worker_pool][INFO] - Number of nodes: 1
Number of CPUs per node: 8
Number of GPUs per node: 0
Number of threads across all nodes: 8
[2026-04-12 14:24:20,394][__main__][INFO] - Building Lightning Module
[2026-04-12 14:24:20,406][torch.distributed.nn.jit.instantiator][INFO] - Created a temporary directory at /tmp/tmpgrpzfn3h
[2026-04-12 14:24:20,407][torch.distributed.nn.jit.instantiator][INFO] - Writing /tmp/tmpgrpzfn3h/_remote_module_non_scriptable.py
[2026-04-12 14:24:20,423][__main__][INFO] - Using cached data without building SceneLoader
[2026-04-12 14:24:24,307][__main__][INFO] - Building Datasets
[2026-04-12 14:24:24,308][__main__][INFO] - Num training samples: 85109
[2026-04-12 14:24:24,308][__main__][INFO] - Num validation samples: 18179
[2026-04-12 14:24:24,308][__main__][INFO] - Building Trainer
[2026-04-12 14:24:24,421][__main__][INFO] - Starting Training
[2026-04-12 14:25:25,129][torch.distributed.distributed_c10d][INFO] - Added key: store_based_barrier_key:1 to store for rank: 0
[2026-04-12 14:25:25,130][torch.distributed.distributed_c10d][INFO] - Rank 0: Completed store-based barrier for key:store_based_barrier_key:1 with 4 nodes.
[2026-04-12 14:26:30,652][torch.nn.parallel.distributed][INFO] - Reducer buckets have been rebuilt in this iteration.
