[2026-04-12 13:05:17,140][__main__][INFO] - Global Seed set to 0
[2026-04-12 13:05:17,143][__main__][INFO] - Path where all results are stored: /data/shengzhenli/DiffusionDrive/diffusiondrive_score_exp
[2026-04-12 13:05:17,143][__main__][INFO] - Building Agent
[2026-04-12 13:05:18,359][timm.models._builder][INFO] - Loading pretrained weights from Hugging Face hub (timm/resnet34.a1_in1k)
[2026-04-12 13:05:19,791][timm.models._hub][INFO] - [timm/resnet34.a1_in1k] Safe alternative available for 'pytorch_model.bin' (as 'model.safetensors'). Loading weights using safetensors.
[2026-04-12 13:05:19,814][timm.models._builder][INFO] - Missing keys (fc.weight, fc.bias) discovered while loading pretrained weights. This is expected if model is being adapted.
[2026-04-12 13:05:22,265][navsim.planning.utils.multithreading.worker_ray_no_torch][INFO] - Disabled nuplan ray progress bars via NAVSIM_DISABLE_RAY_PROGRESS_BAR=1
[2026-04-12 13:05:22,265][navsim.planning.utils.multithreading.worker_ray_no_torch][INFO] - Not using GPU in ray
[2026-04-12 13:05:22,265][navsim.planning.utils.multithreading.worker_ray_no_torch][INFO] - Starting ray local!
[2026-04-12 13:05:29,400][nuplan.planning.utils.multithreading.worker_pool][INFO] - Worker: RayDistributedNoTorch
[2026-04-12 13:05:29,400][nuplan.planning.utils.multithreading.worker_pool][INFO] - Number of nodes: 1
Number of CPUs per node: 8
Number of GPUs per node: 0
Number of threads across all nodes: 8
[2026-04-12 13:05:29,400][__main__][INFO] - Building Lightning Module
[2026-04-12 13:05:29,412][torch.distributed.nn.jit.instantiator][INFO] - Created a temporary directory at /tmp/tmp2g1ryhsb
[2026-04-12 13:05:29,412][torch.distributed.nn.jit.instantiator][INFO] - Writing /tmp/tmp2g1ryhsb/_remote_module_non_scriptable.py
[2026-04-12 13:05:29,432][__main__][INFO] - Using cached data without building SceneLoader
[2026-04-12 13:05:31,447][__main__][INFO] - Building Datasets
[2026-04-12 13:05:31,448][__main__][INFO] - Num training samples: 85109
[2026-04-12 13:05:31,449][__main__][INFO] - Num validation samples: 18179
[2026-04-12 13:05:31,449][__main__][INFO] - Building Trainer
[2026-04-12 13:05:31,538][__main__][INFO] - Starting Training
[2026-04-12 13:05:31,734][torch.distributed.distributed_c10d][INFO] - Added key: store_based_barrier_key:1 to store for rank: 3
[2026-04-12 13:05:31,755][torch.distributed.distributed_c10d][INFO] - Rank 3: Completed store-based barrier for key:store_based_barrier_key:1 with 4 nodes.
[2026-04-12 13:06:20,900][torch.nn.parallel.distributed][INFO] - Reducer buckets have been rebuilt in this iteration.
